<?xml version="1.0" encoding="UTF-8"?>
<!-- Generated by org.testng.reporters.JUnitReportReporter -->
<testsuite skipped="1" hostname="User-PC" name="Extentpackage.Act_ion" tests="1" failures="0" timestamp="4 Nov 2020 14:02:01 GMT" time="0.006" errors="0">
  <testcase name="moveToElements" time="0.006" classname="Extentpackage.Act_ion">
    <skipped/>
  </testcase> <!-- moveToElements -->
</testsuite> <!-- Extentpackage.Act_ion -->
