<?xml version="1.0" encoding="UTF-8"?>
<!-- Generated by org.testng.reporters.JUnitReportReporter -->
<testsuite skipped="0" hostname="User-PC" name="UserLogin" tests="1" failures="0" timestamp="10 Oct 2020 12:51:05 GMT" time="9.234" errors="0">
  <testcase name="loginfun" time="9.234" classname="UserLogin"/>
</testsuite> <!-- UserLogin -->
