<?xml version="1.0" encoding="UTF-8"?>
<!-- Generated by org.testng.reporters.JUnitReportReporter -->
<testsuite skipped="0" hostname="User-PC" name="Facebook2" tests="1" failures="0" timestamp="20 Oct 2020 08:58:10 GMT" time="0.017" errors="0">
  <testcase name="B" time="0.017" classname="Facebook2"/>
</testsuite> <!-- Facebook2 -->
