<?xml version="1.0" encoding="UTF-8"?>
<!-- Generated by org.testng.reporters.JUnitReportReporter -->
<testsuite skipped="0" hostname="User-PC" name="FinalTest.Paralleltestingdemo" tests="2" failures="0" timestamp="9 Nov 2020 09:28:55 GMT" time="29.588" errors="0">
  <testcase name="test2" time="14.065" classname="FinalTest.Paralleltestingdemo"/>
  <testcase name="test1" time="15.523" classname="FinalTest.Paralleltestingdemo"/>
</testsuite> <!-- FinalTest.Paralleltestingdemo -->
