<?xml version="1.0" encoding="UTF-8"?>
<!-- Generated by org.testng.reporters.JUnitReportReporter -->
<testsuite skipped="0" hostname="User-PC" name="FinalTest.Crossbrowsertesting" tests="2" failures="0" timestamp="9 Nov 2020 10:00:20 GMT" time="27.335" errors="0">
  <testcase name="opengg" time="27.329" classname="FinalTest.Crossbrowsertesting"/>
  <testcase name="opengg" time="0.006" classname="FinalTest.Crossbrowsertesting"/>
</testsuite> <!-- FinalTest.Crossbrowsertesting -->
